[Mon Jun 19 2023 at 20:18:27] [crazy!] [32minfo[39m: 🤩 Database is connected
[Mon Jun 19 2023 at 20:18:27] [crazy!] [32minfo[39m: App is listening on PORT 5000 & Process ID 1456
[Mon Jun 19 2023 at 20:18:31] [crazy!] [32minfo[39m: 🤩 Database is connected
[Mon Jun 19 2023 at 20:18:31] [crazy!] [32minfo[39m: App is listening on PORT 5000 & Process ID 8116
[Mon Jun 19 2023 at 20:19:52] [crazy!] [32minfo[39m: 🤩 Database is connected
[Mon Jun 19 2023 at 20:19:52] [crazy!] [32minfo[39m: App is listening on PORT 5000 & Process ID 16516
[Sun Jul 02 2023 at 2:6:54] [crazy!] [32minfo[39m: 🤩 Database is connected
[Sun Jul 02 2023 at 2:6:54] [crazy!] [32minfo[39m: App is listening on PORT 5000 & Process ID 564
[Sun Jul 02 2023 at 2:7:0] [crazy!] [32minfo[39m: 🤩 Database is connected
[Sun Jul 02 2023 at 2:7:0] [crazy!] [32minfo[39m: App is listening on PORT 5000 & Process ID 11632
[Sat Oct 28 2023 at 1:6:2] [crazy!] [32minfo[39m: 🤩 Database is connected
[Sat Oct 28 2023 at 1:6:2] [crazy!] [32minfo[39m: App is listening on PORT 5000 & Process ID 7456
[Sat Oct 28 2023 at 1:6:4] [crazy!] [32minfo[39m: 🤩 Database is connected
[Sat Oct 28 2023 at 1:6:4] [crazy!] [32minfo[39m: App is listening on PORT 5000 & Process ID 9904
[Sat Oct 28 2023 at 1:32:11] [crazy!] [32minfo[39m: 🤩 Database is connected
[Sat Oct 28 2023 at 1:32:11] [crazy!] [32minfo[39m: App is listening on PORT 5000 & Process ID 7484
[Sat Oct 28 2023 at 1:33:0] [crazy!] [32minfo[39m: 🤩 Database is connected
[Sat Oct 28 2023 at 1:33:0] [crazy!] [32minfo[39m: App is listening on PORT 5000 & Process ID 14492
[Sat Oct 28 2023 at 1:33:8] [crazy!] [32minfo[39m: 🤩 Database is connected
[Sat Oct 28 2023 at 1:33:8] [crazy!] [32minfo[39m: App is listening on PORT 5000 & Process ID 13924
[Sat Oct 28 2023 at 1:33:30] [crazy!] [32minfo[39m: 🤩 Database is connected
[Sat Oct 28 2023 at 1:33:30] [crazy!] [32minfo[39m: App is listening on PORT 5000 & Process ID 10444
[Sat Oct 28 2023 at 1:35:33] [crazy!] [32minfo[39m: 🤩 Database is connected
[Sat Oct 28 2023 at 1:35:33] [crazy!] [32minfo[39m: App is listening on PORT 5000 & Process ID 2316
[Sat Oct 28 2023 at 1:39:8] [crazy!] [32minfo[39m: 🤩 Database is connected
[Sat Oct 28 2023 at 1:39:8] [crazy!] [32minfo[39m: App is listening on PORT 5000 & Process ID 11620
[Sat Oct 28 2023 at 1:39:49] [crazy!] [32minfo[39m: 🤩 Database is connected
[Sat Oct 28 2023 at 1:39:49] [crazy!] [32minfo[39m: App is listening on PORT 5000 & Process ID 16548
[Sat Oct 28 2023 at 1:40:27] [crazy!] [32minfo[39m: 🤩 Database is connected
[Sat Oct 28 2023 at 1:40:27] [crazy!] [32minfo[39m: App is listening on PORT 5000 & Process ID 20940
[Sat Oct 28 2023 at 1:41:35] [crazy!] [32minfo[39m: 🤩 Database is connected
[Sat Oct 28 2023 at 1:41:35] [crazy!] [32minfo[39m: App is listening on PORT 5000 & Process ID 17488
[Thu Nov 09 2023 at 20:36:53] [crazy!] [32minfo[39m: 🤩 Database is connected
[Thu Nov 09 2023 at 20:36:53] [crazy!] [32minfo[39m: App is listening on PORT 5000 & Process ID 13408
[Thu Nov 09 2023 at 20:42:28] [crazy!] [32minfo[39m: 🤩 Database is connected
[Thu Nov 09 2023 at 20:42:28] [crazy!] [32minfo[39m: App is listening on PORT 5000 & Process ID 12164
[Thu Nov 09 2023 at 20:42:55] [crazy!] [32minfo[39m: 🤩 Database is connected
[Thu Nov 09 2023 at 20:42:55] [crazy!] [32minfo[39m: App is listening on PORT 5000 & Process ID 8868
[Thu Nov 09 2023 at 20:43:49] [crazy!] [32minfo[39m: 🤩 Database is connected
[Thu Nov 09 2023 at 20:43:49] [crazy!] [32minfo[39m: App is listening on PORT 5000 & Process ID 11020
[Thu Nov 09 2023 at 20:44:56] [crazy!] [32minfo[39m: 🤩 Database is connected
[Thu Nov 09 2023 at 20:44:56] [crazy!] [32minfo[39m: App is listening on PORT 5000 & Process ID 8008
[Thu Nov 09 2023 at 20:45:17] [crazy!] [32minfo[39m: 🤩 Database is connected
[Thu Nov 09 2023 at 20:45:17] [crazy!] [32minfo[39m: App is listening on PORT 5000 & Process ID 7416
[Thu Nov 09 2023 at 20:45:46] [crazy!] [32minfo[39m: 🤩 Database is connected
[Thu Nov 09 2023 at 20:45:46] [crazy!] [32minfo[39m: App is listening on PORT 5000 & Process ID 15376
[Thu Nov 09 2023 at 20:46:22] [crazy!] [32minfo[39m: 🤩 Database is connected
[Thu Nov 09 2023 at 20:46:22] [crazy!] [32minfo[39m: App is listening on PORT 5000 & Process ID 2916
[Thu Nov 09 2023 at 20:58:22] [crazy!] [32minfo[39m: 🤩 Database is connected
[Thu Nov 09 2023 at 20:58:22] [crazy!] [32minfo[39m: App is listening on PORT 5000 & Process ID 16004
[Thu Nov 09 2023 at 20:58:47] [crazy!] [32minfo[39m: 🤩 Database is connected
[Thu Nov 09 2023 at 20:58:47] [crazy!] [32minfo[39m: App is listening on PORT 5000 & Process ID 5552
[Thu Nov 09 2023 at 21:5:47] [crazy!] [32minfo[39m: 🤩 Database is connected
[Thu Nov 09 2023 at 21:5:47] [crazy!] [32minfo[39m: App is listening on PORT 5000 & Process ID 12528
[Thu Nov 09 2023 at 21:6:6] [crazy!] [32minfo[39m: 🤩 Database is connected
[Thu Nov 09 2023 at 21:6:6] [crazy!] [32minfo[39m: App is listening on PORT 5000 & Process ID 12824
